{"numFailedTestSuites":1,"numFailedTests":0,"numPassedTestSuites":0,"numPassedTests":0,"numPendingTestSuites":0,"numPendingTests":0,"numRuntimeErrorTestSuites":1,"numTodoTests":0,"numTotalTestSuites":1,"numTotalTests":0,"openHandles":[],"snapshot":{"added":0,"didUpdate":false,"failure":false,"filesAdded":0,"filesRemoved":0,"filesRemovedList":[],"filesUnmatched":0,"filesUpdated":0,"matched":0,"total":0,"unchecked":0,"uncheckedKeysByFile":[],"unmatched":0,"updated":0},"startTime":1771935338248,"success":false,"testResults":[{"assertionResults":[],"coverage":{},"endTime":1771935340922,"message":"  ● Test suite failed to run\n\n    TypeError: authorize is not a function\n\n    \u001b[0m \u001b[90m 34 |\u001b[39m \u001b[90m * Aggregates financial KPIs for a given period\u001b[39m\n     \u001b[90m 35 |\u001b[39m \u001b[90m */\u001b[39m\n    \u001b[31m\u001b[1m>\u001b[22m\u001b[39m\u001b[90m 36 |\u001b[39m router\u001b[33m.\u001b[39m\u001b[36mget\u001b[39m(\u001b[32m'/dashboard-stats'\u001b[39m\u001b[33m,\u001b[39m authenticateToken\u001b[33m,\u001b[39m authorize(\u001b[33mFINANCE_ROLES\u001b[39m)\u001b[33m,\u001b[39m asyncHandler(\u001b[36masync\u001b[39m (req\u001b[33m,\u001b[39m res) \u001b[33m=>\u001b[39m {\n     \u001b[90m    |\u001b[39m                                                   \u001b[31m\u001b[1m^\u001b[22m\u001b[39m\n     \u001b[90m 37 |\u001b[39m     \u001b[36mconst\u001b[39m { startDate\u001b[33m,\u001b[39m endDate\u001b[33m,\u001b[39m branchId } \u001b[33m=\u001b[39m req\u001b[33m.\u001b[39mquery\u001b[33m;\u001b[39m\n     \u001b[90m 38 |\u001b[39m\n     \u001b[90m 39 |\u001b[39m     \u001b[36mconst\u001b[39m today \u001b[33m=\u001b[39m \u001b[36mnew\u001b[39m \u001b[33mDate\u001b[39m()\u001b[33m;\u001b[39m\u001b[0m\n\n      at Object.authorize (routes/finance.js:36:51)\n      at Object.require (server.js:214:25)\n      at Object.require (tests/integration.test.js:21:17)\n","name":"C:\\Users\\mkame\\OneDrive\\Documents\\GitHub\\Smart-Enterprise-Suite_VS_20260210\\backend\\tests\\integration.test.js","startTime":1771935340922,"status":"failed","summary":""}],"wasInterrupted":false}
